Compiling the C compiler identification source file "CMakeCCompilerId.c" failed.
Compiler: /usr/bin/cc 
Build flags: 
Id flags:  

The output was:
1
CMakeCCompilerId.c:597:1: fatal error: error closing /tmp/ccNb9d2c.s: Aucun espace disponible sur le périphérique
 }
 ^
compilation terminated.


Compiling the C compiler identification source file "CMakeCCompilerId.c" failed.
Compiler: /usr/bin/cc 
Build flags: 
Id flags: -c 

The output was:
1
CMakeCCompilerId.c:597:1: fatal error: error closing /tmp/ccGLRg43.s: Aucun espace disponible sur le périphérique
 }
 ^
compilation terminated.


Compiling the C compiler identification source file "CMakeCCompilerId.c" failed.
Compiler: /usr/bin/cc 
Build flags: 
Id flags: -Aa 

The output was:
1
<command-line>:0:1: error: missing '(' after predicate
CMakeCCompilerId.c:597:1: fatal error: error closing /tmp/ccTOuAR6.s: Aucun espace disponible sur le périphérique
 }
 ^
compilation terminated.


Compiling the C compiler identification source file "CMakeCCompilerId.c" failed.
Compiler: /usr/bin/cc 
Build flags: 
Id flags: -D__CLASSIC_C__ 

The output was:
1
CMakeCCompilerId.c:597:1: fatal error: error closing /tmp/ccIoW6G5.s: Aucun espace disponible sur le périphérique
 }
 ^
compilation terminated.


Compiling the C compiler identification source file "CMakeCCompilerId.c" failed.
Compiler: /usr/bin/cc 
Build flags: 
Id flags:  

The output was:
1
CMakeCCompilerId.c:597:1: fatal error: error closing /tmp/ccr5GIz9.s: Aucun espace disponible sur le périphérique
 }
 ^
compilation terminated.


Compiling the C compiler identification source file "CMakeCCompilerId.c" failed.
Compiler: /usr/bin/cc 
Build flags: 
Id flags: -c 

The output was:
1
CMakeCCompilerId.c:597:1: fatal error: error closing /tmp/ccoHlbrc.s: Aucun espace disponible sur le périphérique
 }
 ^
compilation terminated.


Compiling the C compiler identification source file "CMakeCCompilerId.c" failed.
Compiler: /usr/bin/cc 
Build flags: 
Id flags: -Aa 

The output was:
1
<command-line>:0:1: error: missing '(' after predicate
CMakeCCompilerId.c:597:1: fatal error: error closing /tmp/cc8S18va.s: Aucun espace disponible sur le périphérique
 }
 ^
compilation terminated.


Compiling the C compiler identification source file "CMakeCCompilerId.c" failed.
Compiler: /usr/bin/cc 
Build flags: 
Id flags: -D__CLASSIC_C__ 

The output was:
1
CMakeCCompilerId.c:597:1: fatal error: error closing /tmp/ccibk2je.s: Aucun espace disponible sur le périphérique
 }
 ^
compilation terminated.


Checking whether the C compiler is IAR using "" did not match "IAR .+ Compiler":
cc: fatal error: no input files
compilation terminated.
Checking whether the C compiler is IAR using "" did not match "IAR .+ Compiler":
cc: fatal error: no input files
compilation terminated.
Compiling the CXX compiler identification source file "CMakeCXXCompilerId.cpp" failed.
Compiler: /usr/bin/c++ 
Build flags: 
Id flags:  

The output was:
1
CMakeCXXCompilerId.cpp:576:1: fatal error: error closing /tmp/ccgxjmOg.s: Aucun espace disponible sur le périphérique
 }
 ^
compilation terminated.


Compiling the CXX compiler identification source file "CMakeCXXCompilerId.cpp" failed.
Compiler: /usr/bin/c++ 
Build flags: 
Id flags: -c 

The output was:
1
CMakeCXXCompilerId.cpp:576:1: fatal error: error closing /tmp/cc3vr3tj.s: Aucun espace disponible sur le périphérique
 }
 ^
compilation terminated.


Compiling the CXX compiler identification source file "CMakeCXXCompilerId.cpp" failed.
Compiler: /usr/bin/c++ 
Build flags: 
Id flags: --c++ 

The output was:
1
c++: error: unrecognized command line option ‘--c++’


Compiling the CXX compiler identification source file "CMakeCXXCompilerId.cpp" failed.
Compiler: /usr/bin/c++ 
Build flags: 
Id flags: --ec++ 

The output was:
1
c++: error: unrecognized command line option ‘--ec++’; did you mean ‘-Weffc++’?


Compiling the CXX compiler identification source file "CMakeCXXCompilerId.cpp" failed.
Compiler: /usr/bin/c++ 
Build flags: 
Id flags:  

The output was:
1
CMakeCXXCompilerId.cpp:576:1: fatal error: error closing /tmp/cckZ6yFk.s: Aucun espace disponible sur le périphérique
 }
 ^
compilation terminated.


Compiling the CXX compiler identification source file "CMakeCXXCompilerId.cpp" failed.
Compiler: /usr/bin/c++ 
Build flags: 
Id flags: -c 

The output was:
1
CMakeCXXCompilerId.cpp:576:1: fatal error: error closing /tmp/cca2xoCn.s: Aucun espace disponible sur le périphérique
 }
 ^
compilation terminated.


Compiling the CXX compiler identification source file "CMakeCXXCompilerId.cpp" failed.
Compiler: /usr/bin/c++ 
Build flags: 
Id flags: --c++ 

The output was:
1
c++: error: unrecognized command line option ‘--c++’


Compiling the CXX compiler identification source file "CMakeCXXCompilerId.cpp" failed.
Compiler: /usr/bin/c++ 
Build flags: 
Id flags: --ec++ 

The output was:
1
c++: error: unrecognized command line option ‘--ec++’; did you mean ‘-Weffc++’?


Checking whether the CXX compiler is IAR using "" did not match "IAR .+ Compiler":
c++: fatal error: no input files
compilation terminated.
Checking whether the CXX compiler is IAR using "" did not match "IAR .+ Compiler":
c++: fatal error: no input files
compilation terminated.
Determining if the C compiler works failed with the following output:
Change Dir: /home/dorian/UNIV/MASTER/git/Master/M2/s9/HAI918I_Image/IDC_3D/build/CMakeFiles/CMakeTmp

Run Build Command:"/usr/bin/make" "cmTC_11cf0/fast"
/usr/bin/make -f CMakeFiles/cmTC_11cf0.dir/build.make CMakeFiles/cmTC_11cf0.dir/build
make[1] : on entre dans le répertoire « /home/dorian/UNIV/MASTER/git/Master/M2/s9/HAI918I_Image/IDC_3D/build/CMakeFiles/CMakeTmp »
Building C object CMakeFiles/cmTC_11cf0.dir/testCCompiler.c.o
/usr/bin/cc    -o CMakeFiles/cmTC_11cf0.dir/testCCompiler.c.o   -c /home/dorian/UNIV/MASTER/git/Master/M2/s9/HAI918I_Image/IDC_3D/build/CMakeFiles/CMakeTmp/testCCompiler.c
/home/dorian/UNIV/MASTER/git/Master/M2/s9/HAI918I_Image/IDC_3D/build/CMakeFiles/CMakeTmp/testCCompiler.c:11:1: fatal error: error closing /tmp/ccfwciGs.s: Aucun espace disponible sur le périphérique
 { (void)argv; return argc-1;}
 ^
compilation terminated.
CMakeFiles/cmTC_11cf0.dir/build.make:65: recipe for target 'CMakeFiles/cmTC_11cf0.dir/testCCompiler.c.o' failed
make[1]: *** [CMakeFiles/cmTC_11cf0.dir/testCCompiler.c.o] Error 1
make[1] : on quitte le répertoire « /home/dorian/UNIV/MASTER/git/Master/M2/s9/HAI918I_Image/IDC_3D/build/CMakeFiles/CMakeTmp »
Makefile:126: recipe for target 'cmTC_11cf0/fast' failed
make: *** [cmTC_11cf0/fast] Error 2


Determining if the pthread_create exist failed with the following output:
Change Dir: /home/dorian/UNIV/MASTER/git/Master/M2/s9/HAI918I_Image/IDC_3D/build/CMakeFiles/CMakeTmp

Run Build Command:"/usr/bin/make" "cmTC_e1aca/fast"
/usr/bin/make -f CMakeFiles/cmTC_e1aca.dir/build.make CMakeFiles/cmTC_e1aca.dir/build
make[1] : on entre dans le répertoire « /home/dorian/UNIV/MASTER/git/Master/M2/s9/HAI918I_Image/IDC_3D/build/CMakeFiles/CMakeTmp »
Building C object CMakeFiles/cmTC_e1aca.dir/CheckSymbolExists.c.o
/usr/bin/cc   -fPIC    -o CMakeFiles/cmTC_e1aca.dir/CheckSymbolExists.c.o   -c /home/dorian/UNIV/MASTER/git/Master/M2/s9/HAI918I_Image/IDC_3D/build/CMakeFiles/CMakeTmp/CheckSymbolExists.c
Linking C executable cmTC_e1aca
/usr/bin/cmake -E cmake_link_script CMakeFiles/cmTC_e1aca.dir/link.txt --verbose=1
/usr/bin/cc  -fPIC     -rdynamic CMakeFiles/cmTC_e1aca.dir/CheckSymbolExists.c.o  -o cmTC_e1aca 
CMakeFiles/cmTC_e1aca.dir/CheckSymbolExists.c.o : Dans la fonction « main » :
CheckSymbolExists.c:(.text+0x1b) : référence indéfinie vers « pthread_create »
collect2: error: ld returned 1 exit status
CMakeFiles/cmTC_e1aca.dir/build.make:97: recipe for target 'cmTC_e1aca' failed
make[1]: *** [cmTC_e1aca] Error 1
make[1] : on quitte le répertoire « /home/dorian/UNIV/MASTER/git/Master/M2/s9/HAI918I_Image/IDC_3D/build/CMakeFiles/CMakeTmp »
Makefile:126: recipe for target 'cmTC_e1aca/fast' failed
make: *** [cmTC_e1aca/fast] Error 2

File /home/dorian/UNIV/MASTER/git/Master/M2/s9/HAI918I_Image/IDC_3D/build/CMakeFiles/CMakeTmp/CheckSymbolExists.c:
/* */
#include <pthread.h>

int main(int argc, char** argv)
{
  (void)argv;
#ifndef pthread_create
  return ((int*)(&pthread_create))[argc];
#else
  (void)argc;
  return 0;
#endif
}

Determining if the function pthread_create exists in the pthreads failed with the following output:
Change Dir: /home/dorian/UNIV/MASTER/git/Master/M2/s9/HAI918I_Image/IDC_3D/build/CMakeFiles/CMakeTmp

Run Build Command:"/usr/bin/make" "cmTC_8dc79/fast"
/usr/bin/make -f CMakeFiles/cmTC_8dc79.dir/build.make CMakeFiles/cmTC_8dc79.dir/build
make[1] : on entre dans le répertoire « /home/dorian/UNIV/MASTER/git/Master/M2/s9/HAI918I_Image/IDC_3D/build/CMakeFiles/CMakeTmp »
Building C object CMakeFiles/cmTC_8dc79.dir/CheckFunctionExists.c.o
/usr/bin/cc   -fPIC -DCHECK_FUNCTION_EXISTS=pthread_create   -o CMakeFiles/cmTC_8dc79.dir/CheckFunctionExists.c.o   -c /usr/share/cmake-3.10/Modules/CheckFunctionExists.c
Linking C executable cmTC_8dc79
/usr/bin/cmake -E cmake_link_script CMakeFiles/cmTC_8dc79.dir/link.txt --verbose=1
/usr/bin/cc  -fPIC -DCHECK_FUNCTION_EXISTS=pthread_create    -rdynamic CMakeFiles/cmTC_8dc79.dir/CheckFunctionExists.c.o  -o cmTC_8dc79 -lpthreads 
/usr/bin/ld : ne peut trouver -lpthreads
collect2: error: ld returned 1 exit status
CMakeFiles/cmTC_8dc79.dir/build.make:97: recipe for target 'cmTC_8dc79' failed
make[1]: *** [cmTC_8dc79] Error 1
make[1] : on quitte le répertoire « /home/dorian/UNIV/MASTER/git/Master/M2/s9/HAI918I_Image/IDC_3D/build/CMakeFiles/CMakeTmp »
Makefile:126: recipe for target 'cmTC_8dc79/fast' failed
make: *** [cmTC_8dc79/fast] Error 2


