Determining if the pthread_create exist failed with the following output:
Change Dir: /home/dorian/Master/M1/s8/HAI809I_compression_multimedia/compression3D/build/CMakeFiles/CMakeTmp

Run Build Command:"/usr/bin/make" "cmTC_cb74f/fast"
/usr/bin/make -f CMakeFiles/cmTC_cb74f.dir/build.make CMakeFiles/cmTC_cb74f.dir/build
make[1] : on entre dans le répertoire « /home/dorian/Master/M1/s8/HAI809I_compression_multimedia/compression3D/build/CMakeFiles/CMakeTmp »
Building C object CMakeFiles/cmTC_cb74f.dir/CheckSymbolExists.c.o
/usr/bin/cc    -o CMakeFiles/cmTC_cb74f.dir/CheckSymbolExists.c.o   -c /home/dorian/Master/M1/s8/HAI809I_compression_multimedia/compression3D/build/CMakeFiles/CMakeTmp/CheckSymbolExists.c
Linking C executable cmTC_cb74f
/usr/bin/cmake -E cmake_link_script CMakeFiles/cmTC_cb74f.dir/link.txt --verbose=1
/usr/bin/cc      -rdynamic CMakeFiles/cmTC_cb74f.dir/CheckSymbolExists.c.o  -o cmTC_cb74f 
CMakeFiles/cmTC_cb74f.dir/CheckSymbolExists.c.o : Dans la fonction « main » :
CheckSymbolExists.c:(.text+0x1b) : référence indéfinie vers « pthread_create »
collect2: error: ld returned 1 exit status
CMakeFiles/cmTC_cb74f.dir/build.make:97: recipe for target 'cmTC_cb74f' failed
make[1]: *** [cmTC_cb74f] Error 1
make[1] : on quitte le répertoire « /home/dorian/Master/M1/s8/HAI809I_compression_multimedia/compression3D/build/CMakeFiles/CMakeTmp »
Makefile:126: recipe for target 'cmTC_cb74f/fast' failed
make: *** [cmTC_cb74f/fast] Error 2

File /home/dorian/Master/M1/s8/HAI809I_compression_multimedia/compression3D/build/CMakeFiles/CMakeTmp/CheckSymbolExists.c:
/* */
#include <pthread.h>

int main(int argc, char** argv)
{
  (void)argv;
#ifndef pthread_create
  return ((int*)(&pthread_create))[argc];
#else
  (void)argc;
  return 0;
#endif
}

Determining if the function pthread_create exists in the pthreads failed with the following output:
Change Dir: /home/dorian/Master/M1/s8/HAI809I_compression_multimedia/compression3D/build/CMakeFiles/CMakeTmp

Run Build Command:"/usr/bin/make" "cmTC_60cb7/fast"
/usr/bin/make -f CMakeFiles/cmTC_60cb7.dir/build.make CMakeFiles/cmTC_60cb7.dir/build
make[1] : on entre dans le répertoire « /home/dorian/Master/M1/s8/HAI809I_compression_multimedia/compression3D/build/CMakeFiles/CMakeTmp »
Building C object CMakeFiles/cmTC_60cb7.dir/CheckFunctionExists.c.o
/usr/bin/cc   -DCHECK_FUNCTION_EXISTS=pthread_create   -o CMakeFiles/cmTC_60cb7.dir/CheckFunctionExists.c.o   -c /usr/share/cmake-3.10/Modules/CheckFunctionExists.c
Linking C executable cmTC_60cb7
/usr/bin/cmake -E cmake_link_script CMakeFiles/cmTC_60cb7.dir/link.txt --verbose=1
/usr/bin/cc  -DCHECK_FUNCTION_EXISTS=pthread_create    -rdynamic CMakeFiles/cmTC_60cb7.dir/CheckFunctionExists.c.o  -o cmTC_60cb7 -lpthreads 
/usr/bin/ld : ne peut trouver -lpthreads
collect2: error: ld returned 1 exit status
CMakeFiles/cmTC_60cb7.dir/build.make:97: recipe for target 'cmTC_60cb7' failed
make[1]: *** [cmTC_60cb7] Error 1
make[1] : on quitte le répertoire « /home/dorian/Master/M1/s8/HAI809I_compression_multimedia/compression3D/build/CMakeFiles/CMakeTmp »
Makefile:126: recipe for target 'cmTC_60cb7/fast' failed
make: *** [cmTC_60cb7/fast] Error 2


